{"/Users/zhenhaoc/Documents/GA-SEI/todo-tdd-jest/app.js": {"path":"/Users/zhenhaoc/Documents/GA-SEI/todo-tdd-jest/app.js","statementMap":{"0":{"start":{"line":1,"column":0},"end":{"line":1,"column":27}},"1":{"start":{"line":2,"column":16},"end":{"line":2,"column":34}},"2":{"start":{"line":3,"column":12},"end":{"line":3,"column":21}},"3":{"start":{"line":5,"column":18},"end":{"line":5,"column":49}},"4":{"start":{"line":6,"column":19},"end":{"line":6,"column":50}},"5":{"start":{"line":8,"column":17},"end":{"line":8,"column":42}},"6":{"start":{"line":9,"column":0},"end":{"line":9,"column":20}},"7":{"start":{"line":11,"column":0},"end":{"line":11,"column":24}},"8":{"start":{"line":12,"column":0},"end":{"line":12,"column":49}},"9":{"start":{"line":14,"column":0},"end":{"line":14,"column":30}},"10":{"start":{"line":16,"column":0},"end":{"line":19,"column":3}},"11":{"start":{"line":18,"column":2},"end":{"line":18,"column":51}},"12":{"start":{"line":21,"column":0},"end":{"line":23,"column":3}},"13":{"start":{"line":22,"column":2},"end":{"line":22,"column":40}},"14":{"start":{"line":25,"column":0},"end":{"line":25,"column":21}}},"fnMap":{"0":{"name":"(anonymous_0)","decl":{"start":{"line":16,"column":8},"end":{"line":16,"column":9}},"loc":{"start":{"line":16,"column":35},"end":{"line":19,"column":1}},"line":16},"1":{"name":"(anonymous_1)","decl":{"start":{"line":21,"column":13},"end":{"line":21,"column":14}},"loc":{"start":{"line":21,"column":27},"end":{"line":23,"column":1}},"line":21}},"branchMap":{},"s":{"0":1,"1":1,"2":1,"3":1,"4":1,"5":1,"6":1,"7":1,"8":1,"9":1,"10":1,"11":1,"12":1,"13":0,"14":1},"f":{"0":1,"1":0},"b":{},"_coverageSchema":"1a1c01bbd47fc00a2c39e90264f33305004495a9","hash":"20fb70878f5d8cad3edfb5e7b915b145e7cb1b5f"}
,"/Users/zhenhaoc/Documents/GA-SEI/todo-tdd-jest/controllers/todo.controller.js": {"path":"/Users/zhenhaoc/Documents/GA-SEI/todo-tdd-jest/controllers/todo.controller.js","statementMap":{"0":{"start":{"line":1,"column":18},"end":{"line":1,"column":49}},"1":{"start":{"line":3,"column":0},"end":{"line":10,"column":2}},"2":{"start":{"line":4,"column":2},"end":{"line":9,"column":3}},"3":{"start":{"line":5,"column":24},"end":{"line":5,"column":56}},"4":{"start":{"line":6,"column":4},"end":{"line":6,"column":38}},"5":{"start":{"line":8,"column":4},"end":{"line":8,"column":14}},"6":{"start":{"line":12,"column":0},"end":{"line":19,"column":2}},"7":{"start":{"line":13,"column":2},"end":{"line":18,"column":3}},"8":{"start":{"line":14,"column":21},"end":{"line":14,"column":45}},"9":{"start":{"line":15,"column":4},"end":{"line":15,"column":35}},"10":{"start":{"line":17,"column":4},"end":{"line":17,"column":14}},"11":{"start":{"line":21,"column":0},"end":{"line":32,"column":2}},"12":{"start":{"line":22,"column":2},"end":{"line":31,"column":3}},"13":{"start":{"line":23,"column":17},"end":{"line":23,"column":56}},"14":{"start":{"line":24,"column":4},"end":{"line":28,"column":5}},"15":{"start":{"line":25,"column":6},"end":{"line":25,"column":33}},"16":{"start":{"line":27,"column":6},"end":{"line":27,"column":58}},"17":{"start":{"line":30,"column":4},"end":{"line":30,"column":14}},"18":{"start":{"line":34,"column":0},"end":{"line":50,"column":2}},"19":{"start":{"line":35,"column":2},"end":{"line":49,"column":3}},"20":{"start":{"line":36,"column":24},"end":{"line":40,"column":5}},"21":{"start":{"line":42,"column":4},"end":{"line":46,"column":5}},"22":{"start":{"line":43,"column":6},"end":{"line":43,"column":40}},"23":{"start":{"line":45,"column":6},"end":{"line":45,"column":65}},"24":{"start":{"line":48,"column":4},"end":{"line":48,"column":14}},"25":{"start":{"line":52,"column":0},"end":{"line":64,"column":2}},"26":{"start":{"line":53,"column":2},"end":{"line":63,"column":3}},"27":{"start":{"line":54,"column":24},"end":{"line":54,"column":72}},"28":{"start":{"line":56,"column":4},"end":{"line":60,"column":5}},"29":{"start":{"line":57,"column":6},"end":{"line":57,"column":40}},"30":{"start":{"line":59,"column":6},"end":{"line":59,"column":65}},"31":{"start":{"line":62,"column":4},"end":{"line":62,"column":14}}},"fnMap":{"0":{"name":"(anonymous_0)","decl":{"start":{"line":3,"column":21},"end":{"line":3,"column":22}},"loc":{"start":{"line":3,"column":47},"end":{"line":10,"column":1}},"line":3},"1":{"name":"(anonymous_1)","decl":{"start":{"line":12,"column":19},"end":{"line":12,"column":20}},"loc":{"start":{"line":12,"column":45},"end":{"line":19,"column":1}},"line":12},"2":{"name":"(anonymous_2)","decl":{"start":{"line":21,"column":22},"end":{"line":21,"column":23}},"loc":{"start":{"line":21,"column":48},"end":{"line":32,"column":1}},"line":21},"3":{"name":"(anonymous_3)","decl":{"start":{"line":34,"column":21},"end":{"line":34,"column":22}},"loc":{"start":{"line":34,"column":47},"end":{"line":50,"column":1}},"line":34},"4":{"name":"(anonymous_4)","decl":{"start":{"line":52,"column":21},"end":{"line":52,"column":22}},"loc":{"start":{"line":52,"column":47},"end":{"line":64,"column":1}},"line":52}},"branchMap":{"0":{"loc":{"start":{"line":24,"column":4},"end":{"line":28,"column":5}},"type":"if","locations":[{"start":{"line":24,"column":4},"end":{"line":28,"column":5}},{"start":{"line":26,"column":11},"end":{"line":28,"column":5}}],"line":24},"1":{"loc":{"start":{"line":42,"column":4},"end":{"line":46,"column":5}},"type":"if","locations":[{"start":{"line":42,"column":4},"end":{"line":46,"column":5}},{"start":{"line":44,"column":11},"end":{"line":46,"column":5}}],"line":42},"2":{"loc":{"start":{"line":56,"column":4},"end":{"line":60,"column":5}},"type":"if","locations":[{"start":{"line":56,"column":4},"end":{"line":60,"column":5}},{"start":{"line":58,"column":11},"end":{"line":60,"column":5}}],"line":56}},"s":{"0":2,"1":2,"2":6,"3":6,"4":4,"5":2,"6":2,"7":4,"8":4,"9":3,"10":1,"11":2,"12":6,"13":6,"14":5,"15":2,"16":3,"17":1,"18":2,"19":6,"20":6,"21":5,"22":2,"23":3,"24":1,"25":2,"26":6,"27":6,"28":5,"29":2,"30":3,"31":1},"f":{"0":6,"1":4,"2":6,"3":6,"4":6},"b":{"0":[2,3],"1":[2,3],"2":[2,3]},"_coverageSchema":"1a1c01bbd47fc00a2c39e90264f33305004495a9","hash":"5a7babac3fbdcf0467d351fd32144268b5298c43"}
,"/Users/zhenhaoc/Documents/GA-SEI/todo-tdd-jest/db/mongodb.connect.js": {"path":"/Users/zhenhaoc/Documents/GA-SEI/todo-tdd-jest/db/mongodb.connect.js","statementMap":{"0":{"start":{"line":1,"column":17},"end":{"line":1,"column":36}},"1":{"start":{"line":3,"column":18},"end":{"line":12,"column":1}},"2":{"start":{"line":4,"column":2},"end":{"line":11,"column":3}},"3":{"start":{"line":5,"column":4},"end":{"line":5,"column":32}},"4":{"start":{"line":6,"column":4},"end":{"line":6,"column":50}},"5":{"start":{"line":8,"column":4},"end":{"line":8,"column":31}},"6":{"start":{"line":9,"column":4},"end":{"line":9,"column":49}},"7":{"start":{"line":10,"column":4},"end":{"line":10,"column":20}},"8":{"start":{"line":14,"column":0},"end":{"line":14,"column":27}}},"fnMap":{"0":{"name":"(anonymous_0)","decl":{"start":{"line":3,"column":18},"end":{"line":3,"column":19}},"loc":{"start":{"line":3,"column":33},"end":{"line":12,"column":1}},"line":3}},"branchMap":{},"s":{"0":1,"1":1,"2":1,"3":1,"4":1,"5":0,"6":0,"7":0,"8":1},"f":{"0":1},"b":{},"_coverageSchema":"1a1c01bbd47fc00a2c39e90264f33305004495a9","hash":"3e03fd15166212c865e672e4713a5af7dced97b1"}
,"/Users/zhenhaoc/Documents/GA-SEI/todo-tdd-jest/models/todo.model.js": {"path":"/Users/zhenhaoc/Documents/GA-SEI/todo-tdd-jest/models/todo.model.js","statementMap":{"0":{"start":{"line":1,"column":17},"end":{"line":1,"column":36}},"1":{"start":{"line":3,"column":19},"end":{"line":6,"column":2}},"2":{"start":{"line":8,"column":18},"end":{"line":8,"column":53}},"3":{"start":{"line":10,"column":0},"end":{"line":10,"column":27}}},"fnMap":{},"branchMap":{},"s":{"0":2,"1":2,"2":2,"3":2},"f":{},"b":{},"_coverageSchema":"1a1c01bbd47fc00a2c39e90264f33305004495a9","hash":"7cf64daf86e55927b31a5200fc390b28a38bcead"}
,"/Users/zhenhaoc/Documents/GA-SEI/todo-tdd-jest/routes/todo.routes.js": {"path":"/Users/zhenhaoc/Documents/GA-SEI/todo-tdd-jest/routes/todo.routes.js","statementMap":{"0":{"start":{"line":1,"column":16},"end":{"line":1,"column":34}},"1":{"start":{"line":3,"column":23},"end":{"line":3,"column":64}},"2":{"start":{"line":5,"column":15},"end":{"line":5,"column":31}},"3":{"start":{"line":7,"column":0},"end":{"line":7,"column":44}},"4":{"start":{"line":8,"column":0},"end":{"line":8,"column":41}},"5":{"start":{"line":9,"column":0},"end":{"line":9,"column":47}},"6":{"start":{"line":10,"column":0},"end":{"line":10,"column":48}},"7":{"start":{"line":11,"column":0},"end":{"line":11,"column":49}},"8":{"start":{"line":13,"column":0},"end":{"line":13,"column":24}}},"fnMap":{},"branchMap":{},"s":{"0":1,"1":1,"2":1,"3":1,"4":1,"5":1,"6":1,"7":1,"8":1},"f":{},"b":{},"_coverageSchema":"1a1c01bbd47fc00a2c39e90264f33305004495a9","hash":"d474293a12b9f1227469ddcf96a14baf7f2f7c7c"}
}
