TN:
SF:app.js
FN:16,(anonymous_0)
FN:21,(anonymous_1)
FNF:2
FNH:1
FNDA:1,(anonymous_0)
FNDA:0,(anonymous_1)
DA:1,1
DA:2,1
DA:3,1
DA:5,1
DA:6,1
DA:8,1
DA:9,1
DA:11,1
DA:12,1
DA:14,1
DA:16,1
DA:18,1
DA:21,1
DA:22,0
DA:25,1
LF:15
LH:14
BRF:0
BRH:0
end_of_record
TN:
SF:controllers/todo.controller.js
FN:3,(anonymous_0)
FN:12,(anonymous_1)
FN:21,(anonymous_2)
FN:34,(anonymous_3)
FN:52,(anonymous_4)
FNF:5
FNH:5
FNDA:6,(anonymous_0)
FNDA:4,(anonymous_1)
FNDA:6,(anonymous_2)
FNDA:6,(anonymous_3)
FNDA:6,(anonymous_4)
DA:1,2
DA:3,2
DA:4,6
DA:5,6
DA:6,4
DA:8,2
DA:12,2
DA:13,4
DA:14,4
DA:15,3
DA:17,1
DA:21,2
DA:22,6
DA:23,6
DA:24,5
DA:25,2
DA:27,3
DA:30,1
DA:34,2
DA:35,6
DA:36,6
DA:42,5
DA:43,2
DA:45,3
DA:48,1
DA:52,2
DA:53,6
DA:54,6
DA:56,5
DA:57,2
DA:59,3
DA:62,1
LF:32
LH:32
BRDA:24,0,0,2
BRDA:24,0,1,3
BRDA:42,1,0,2
BRDA:42,1,1,3
BRDA:56,2,0,2
BRDA:56,2,1,3
BRF:6
BRH:6
end_of_record
TN:
SF:db/mongodb.connect.js
FN:3,(anonymous_0)
FNF:1
FNH:1
FNDA:1,(anonymous_0)
DA:1,1
DA:3,1
DA:4,1
DA:5,1
DA:6,1
DA:8,0
DA:9,0
DA:10,0
DA:14,1
LF:9
LH:6
BRF:0
BRH:0
end_of_record
TN:
SF:models/todo.model.js
FNF:0
FNH:0
DA:1,2
DA:3,2
DA:8,2
DA:10,2
LF:4
LH:4
BRF:0
BRH:0
end_of_record
TN:
SF:routes/todo.routes.js
FNF:0
FNH:0
DA:1,1
DA:3,1
DA:5,1
DA:7,1
DA:8,1
DA:9,1
DA:10,1
DA:11,1
DA:13,1
LF:9
LH:9
BRF:0
BRH:0
end_of_record
